[     780ms] [INFO] %cDownload the React DevTools for a better development experience: https://react.dev/link/react-devtools font-weight:bold @ http://localhost:3001/_next/static/chunks/node_modules_next_dist_115brz8._.js:2431
[     808ms] [LOG] [HMR] connected @ http://localhost:3001/_next/static/chunks/node_modules_next_dist_115brz8._.js:2431
[   78664ms] [ERROR] Unable to preventDefault inside passive event listener invocation. @ http://localhost:3001/_next/static/chunks/node_modules_next_dist_compiled_react-dom_058-ah~._.js:2325
[   78701ms] [ERROR] Unable to preventDefault inside passive event listener invocation. @ http://localhost:3001/_next/static/chunks/node_modules_next_dist_compiled_react-dom_058-ah~._.js:2325
[   78725ms] [ERROR] Unable to preventDefault inside passive event listener invocation. @ http://localhost:3001/_next/static/chunks/node_modules_next_dist_compiled_react-dom_058-ah~._.js:2325
[   78746ms] [ERROR] Unable to preventDefault inside passive event listener invocation. @ http://localhost:3001/_next/static/chunks/node_modules_next_dist_compiled_react-dom_058-ah~._.js:2325
[   78766ms] [ERROR] Unable to preventDefault inside passive event listener invocation. @ http://localhost:3001/_next/static/chunks/node_modules_next_dist_compiled_react-dom_058-ah~._.js:2325
[   78789ms] [ERROR] Unable to preventDefault inside passive event listener invocation. @ http://localhost:3001/_next/static/chunks/node_modules_next_dist_compiled_react-dom_058-ah~._.js:2325
[   78814ms] [ERROR] Unable to preventDefault inside passive event listener invocation. @ http://localhost:3001/_next/static/chunks/node_modules_next_dist_compiled_react-dom_058-ah~._.js:2325
[   78821ms] [ERROR] Unable to preventDefault inside passive event listener invocation. @ http://localhost:3001/_next/static/chunks/node_modules_next_dist_compiled_react-dom_058-ah~._.js:2325
[   78830ms] [ERROR] Unable to preventDefault inside passive event listener invocation. @ http://localhost:3001/_next/static/chunks/node_modules_next_dist_compiled_react-dom_058-ah~._.js:2325
[   78838ms] [ERROR] Unable to preventDefault inside passive event listener invocation. @ http://localhost:3001/_next/static/chunks/node_modules_next_dist_compiled_react-dom_058-ah~._.js:2325
[   78848ms] [ERROR] Unable to preventDefault inside passive event listener invocation. @ http://localhost:3001/_next/static/chunks/node_modules_next_dist_compiled_react-dom_058-ah~._.js:2325
[   78856ms] [ERROR] Unable to preventDefault inside passive event listener invocation. @ http://localhost:3001/_next/static/chunks/node_modules_next_dist_compiled_react-dom_058-ah~._.js:2325
[   78863ms] [ERROR] Unable to preventDefault inside passive event listener invocation. @ http://localhost:3001/_next/static/chunks/node_modules_next_dist_compiled_react-dom_058-ah~._.js:2325
[   78872ms] [ERROR] Unable to preventDefault inside passive event listener invocation. @ http://localhost:3001/_next/static/chunks/node_modules_next_dist_compiled_react-dom_058-ah~._.js:2325
[   78880ms] [ERROR] Unable to preventDefault inside passive event listener invocation. @ http://localhost:3001/_next/static/chunks/node_modules_next_dist_compiled_react-dom_058-ah~._.js:2325
[   78887ms] [ERROR] Unable to preventDefault inside passive event listener invocation. @ http://localhost:3001/_next/static/chunks/node_modules_next_dist_compiled_react-dom_058-ah~._.js:2325
[   78896ms] [ERROR] Unable to preventDefault inside passive event listener invocation. @ http://localhost:3001/_next/static/chunks/node_modules_next_dist_compiled_react-dom_058-ah~._.js:2325
[   78906ms] [ERROR] Unable to preventDefault inside passive event listener invocation. @ http://localhost:3001/_next/static/chunks/node_modules_next_dist_compiled_react-dom_058-ah~._.js:2325
[   78912ms] [ERROR] Unable to preventDefault inside passive event listener invocation. @ http://localhost:3001/_next/static/chunks/node_modules_next_dist_compiled_react-dom_058-ah~._.js:2325
[   78921ms] [ERROR] Unable to preventDefault inside passive event listener invocation. @ http://localhost:3001/_next/static/chunks/node_modules_next_dist_compiled_react-dom_058-ah~._.js:2325
[   78953ms] [ERROR] Unable to preventDefault inside passive event listener invocation. @ http://localhost:3001/_next/static/chunks/node_modules_next_dist_compiled_react-dom_058-ah~._.js:2325
[  112177ms] [INFO] %cDownload the React DevTools for a better development experience: https://react.dev/link/react-devtools font-weight:bold @ http://localhost:3001/_next/static/chunks/node_modules_next_dist_115brz8._.js:2431
[  112191ms] [LOG] [HMR] connected @ http://localhost:3001/_next/static/chunks/node_modules_next_dist_115brz8._.js:2431
[  114057ms] [ERROR] Unable to preventDefault inside passive event listener invocation. @ http://localhost:3001/_next/static/chunks/node_modules_next_dist_compiled_react-dom_058-ah~._.js:2325
[  114069ms] [ERROR] Unable to preventDefault inside passive event listener invocation. @ http://localhost:3001/_next/static/chunks/node_modules_next_dist_compiled_react-dom_058-ah~._.js:2325
[  114080ms] [ERROR] Unable to preventDefault inside passive event listener invocation. @ http://localhost:3001/_next/static/chunks/node_modules_next_dist_compiled_react-dom_058-ah~._.js:2325
[  114089ms] [ERROR] Unable to preventDefault inside passive event listener invocation. @ http://localhost:3001/_next/static/chunks/node_modules_next_dist_compiled_react-dom_058-ah~._.js:2325
[  114097ms] [ERROR] Unable to preventDefault inside passive event listener invocation. @ http://localhost:3001/_next/static/chunks/node_modules_next_dist_compiled_react-dom_058-ah~._.js:2325
[  114104ms] [ERROR] Unable to preventDefault inside passive event listener invocation. @ http://localhost:3001/_next/static/chunks/node_modules_next_dist_compiled_react-dom_058-ah~._.js:2325
[  114113ms] [ERROR] Unable to preventDefault inside passive event listener invocation. @ http://localhost:3001/_next/static/chunks/node_modules_next_dist_compiled_react-dom_058-ah~._.js:2325
[  114122ms] [ERROR] Unable to preventDefault inside passive event listener invocation. @ http://localhost:3001/_next/static/chunks/node_modules_next_dist_compiled_react-dom_058-ah~._.js:2325
[  114130ms] [ERROR] Unable to preventDefault inside passive event listener invocation. @ http://localhost:3001/_next/static/chunks/node_modules_next_dist_compiled_react-dom_058-ah~._.js:2325
[  114139ms] [ERROR] Unable to preventDefault inside passive event listener invocation. @ http://localhost:3001/_next/static/chunks/node_modules_next_dist_compiled_react-dom_058-ah~._.js:2325
[  114148ms] [ERROR] Unable to preventDefault inside passive event listener invocation. @ http://localhost:3001/_next/static/chunks/node_modules_next_dist_compiled_react-dom_058-ah~._.js:2325
[  114156ms] [ERROR] Unable to preventDefault inside passive event listener invocation. @ http://localhost:3001/_next/static/chunks/node_modules_next_dist_compiled_react-dom_058-ah~._.js:2325
[  114164ms] [ERROR] Unable to preventDefault inside passive event listener invocation. @ http://localhost:3001/_next/static/chunks/node_modules_next_dist_compiled_react-dom_058-ah~._.js:2325
[  114172ms] [ERROR] Unable to preventDefault inside passive event listener invocation. @ http://localhost:3001/_next/static/chunks/node_modules_next_dist_compiled_react-dom_058-ah~._.js:2325
[  114180ms] [ERROR] Unable to preventDefault inside passive event listener invocation. @ http://localhost:3001/_next/static/chunks/node_modules_next_dist_compiled_react-dom_058-ah~._.js:2325
[  114188ms] [ERROR] Unable to preventDefault inside passive event listener invocation. @ http://localhost:3001/_next/static/chunks/node_modules_next_dist_compiled_react-dom_058-ah~._.js:2325
[  114197ms] [ERROR] Unable to preventDefault inside passive event listener invocation. @ http://localhost:3001/_next/static/chunks/node_modules_next_dist_compiled_react-dom_058-ah~._.js:2325
[  114205ms] [ERROR] Unable to preventDefault inside passive event listener invocation. @ http://localhost:3001/_next/static/chunks/node_modules_next_dist_compiled_react-dom_058-ah~._.js:2325
[  114214ms] [ERROR] Unable to preventDefault inside passive event listener invocation. @ http://localhost:3001/_next/static/chunks/node_modules_next_dist_compiled_react-dom_058-ah~._.js:2325
[  114223ms] [ERROR] Unable to preventDefault inside passive event listener invocation. @ http://localhost:3001/_next/static/chunks/node_modules_next_dist_compiled_react-dom_058-ah~._.js:2325
[  114231ms] [ERROR] Unable to preventDefault inside passive event listener invocation. @ http://localhost:3001/_next/static/chunks/node_modules_next_dist_compiled_react-dom_058-ah~._.js:2325
[  114237ms] [ERROR] Unable to preventDefault inside passive event listener invocation. @ http://localhost:3001/_next/static/chunks/node_modules_next_dist_compiled_react-dom_058-ah~._.js:2325
[  114245ms] [ERROR] Unable to preventDefault inside passive event listener invocation. @ http://localhost:3001/_next/static/chunks/node_modules_next_dist_compiled_react-dom_058-ah~._.js:2325
[  114254ms] [ERROR] Unable to preventDefault inside passive event listener invocation. @ http://localhost:3001/_next/static/chunks/node_modules_next_dist_compiled_react-dom_058-ah~._.js:2325
[  114262ms] [ERROR] Unable to preventDefault inside passive event listener invocation. @ http://localhost:3001/_next/static/chunks/node_modules_next_dist_compiled_react-dom_058-ah~._.js:2325
[  114271ms] [ERROR] Unable to preventDefault inside passive event listener invocation. @ http://localhost:3001/_next/static/chunks/node_modules_next_dist_compiled_react-dom_058-ah~._.js:2325
[  114280ms] [ERROR] Unable to preventDefault inside passive event listener invocation. @ http://localhost:3001/_next/static/chunks/node_modules_next_dist_compiled_react-dom_058-ah~._.js:2325
[  114289ms] [ERROR] Unable to preventDefault inside passive event listener invocation. @ http://localhost:3001/_next/static/chunks/node_modules_next_dist_compiled_react-dom_058-ah~._.js:2325
[  114333ms] [ERROR] Unable to preventDefault inside passive event listener invocation. @ http://localhost:3001/_next/static/chunks/node_modules_next_dist_compiled_react-dom_058-ah~._.js:2325
[  114345ms] [ERROR] Unable to preventDefault inside passive event listener invocation. @ http://localhost:3001/_next/static/chunks/node_modules_next_dist_compiled_react-dom_058-ah~._.js:2325
[  114362ms] [ERROR] Unable to preventDefault inside passive event listener invocation. @ http://localhost:3001/_next/static/chunks/node_modules_next_dist_compiled_react-dom_058-ah~._.js:2325
[  114525ms] [ERROR] Unable to preventDefault inside passive event listener invocation. @ http://localhost:3001/_next/static/chunks/node_modules_next_dist_compiled_react-dom_058-ah~._.js:2325
[  114551ms] [ERROR] Unable to preventDefault inside passive event listener invocation. @ http://localhost:3001/_next/static/chunks/node_modules_next_dist_compiled_react-dom_058-ah~._.js:2325
[  114573ms] [ERROR] Unable to preventDefault inside passive event listener invocation. @ http://localhost:3001/_next/static/chunks/node_modules_next_dist_compiled_react-dom_058-ah~._.js:2325
[  114592ms] [ERROR] Unable to preventDefault inside passive event listener invocation. @ http://localhost:3001/_next/static/chunks/node_modules_next_dist_compiled_react-dom_058-ah~._.js:2325
[  114610ms] [ERROR] Unable to preventDefault inside passive event listener invocation. @ http://localhost:3001/_next/static/chunks/node_modules_next_dist_compiled_react-dom_058-ah~._.js:2325
[  114615ms] [ERROR] Unable to preventDefault inside passive event listener invocation. @ http://localhost:3001/_next/static/chunks/node_modules_next_dist_compiled_react-dom_058-ah~._.js:2325
[  114620ms] [ERROR] Unable to preventDefault inside passive event listener invocation. @ http://localhost:3001/_next/static/chunks/node_modules_next_dist_compiled_react-dom_058-ah~._.js:2325
[  114628ms] [ERROR] Unable to preventDefault inside passive event listener invocation. @ http://localhost:3001/_next/static/chunks/node_modules_next_dist_compiled_react-dom_058-ah~._.js:2325
[  114637ms] [ERROR] Unable to preventDefault inside passive event listener invocation. @ http://localhost:3001/_next/static/chunks/node_modules_next_dist_compiled_react-dom_058-ah~._.js:2325
[  114646ms] [ERROR] Unable to preventDefault inside passive event listener invocation. @ http://localhost:3001/_next/static/chunks/node_modules_next_dist_compiled_react-dom_058-ah~._.js:2325
[  114654ms] [ERROR] Unable to preventDefault inside passive event listener invocation. @ http://localhost:3001/_next/static/chunks/node_modules_next_dist_compiled_react-dom_058-ah~._.js:2325
[  114662ms] [ERROR] Unable to preventDefault inside passive event listener invocation. @ http://localhost:3001/_next/static/chunks/node_modules_next_dist_compiled_react-dom_058-ah~._.js:2325
[  114680ms] [ERROR] Unable to preventDefault inside passive event listener invocation. @ http://localhost:3001/_next/static/chunks/node_modules_next_dist_compiled_react-dom_058-ah~._.js:2325
[  114687ms] [ERROR] Unable to preventDefault inside passive event listener invocation. @ http://localhost:3001/_next/static/chunks/node_modules_next_dist_compiled_react-dom_058-ah~._.js:2325
[  114695ms] [ERROR] Unable to preventDefault inside passive event listener invocation. @ http://localhost:3001/_next/static/chunks/node_modules_next_dist_compiled_react-dom_058-ah~._.js:2325
[  114703ms] [ERROR] Unable to preventDefault inside passive event listener invocation. @ http://localhost:3001/_next/static/chunks/node_modules_next_dist_compiled_react-dom_058-ah~._.js:2325
[  114712ms] [ERROR] Unable to preventDefault inside passive event listener invocation. @ http://localhost:3001/_next/static/chunks/node_modules_next_dist_compiled_react-dom_058-ah~._.js:2325
[  114720ms] [ERROR] Unable to preventDefault inside passive event listener invocation. @ http://localhost:3001/_next/static/chunks/node_modules_next_dist_compiled_react-dom_058-ah~._.js:2325
[  114728ms] [ERROR] Unable to preventDefault inside passive event listener invocation. @ http://localhost:3001/_next/static/chunks/node_modules_next_dist_compiled_react-dom_058-ah~._.js:2325
[  114737ms] [ERROR] Unable to preventDefault inside passive event listener invocation. @ http://localhost:3001/_next/static/chunks/node_modules_next_dist_compiled_react-dom_058-ah~._.js:2325
[  114745ms] [ERROR] Unable to preventDefault inside passive event listener invocation. @ http://localhost:3001/_next/static/chunks/node_modules_next_dist_compiled_react-dom_058-ah~._.js:2325
[  114753ms] [ERROR] Unable to preventDefault inside passive event listener invocation. @ http://localhost:3001/_next/static/chunks/node_modules_next_dist_compiled_react-dom_058-ah~._.js:2325
[  114762ms] [ERROR] Unable to preventDefault inside passive event listener invocation. @ http://localhost:3001/_next/static/chunks/node_modules_next_dist_compiled_react-dom_058-ah~._.js:2325
[  114770ms] [ERROR] Unable to preventDefault inside passive event listener invocation. @ http://localhost:3001/_next/static/chunks/node_modules_next_dist_compiled_react-dom_058-ah~._.js:2325
[  114778ms] [ERROR] Unable to preventDefault inside passive event listener invocation. @ http://localhost:3001/_next/static/chunks/node_modules_next_dist_compiled_react-dom_058-ah~._.js:2325
[  114787ms] [ERROR] Unable to preventDefault inside passive event listener invocation. @ http://localhost:3001/_next/static/chunks/node_modules_next_dist_compiled_react-dom_058-ah~._.js:2325
[  114795ms] [ERROR] Unable to preventDefault inside passive event listener invocation. @ http://localhost:3001/_next/static/chunks/node_modules_next_dist_compiled_react-dom_058-ah~._.js:2325
[  114803ms] [ERROR] Unable to preventDefault inside passive event listener invocation. @ http://localhost:3001/_next/static/chunks/node_modules_next_dist_compiled_react-dom_058-ah~._.js:2325
[  114812ms] [ERROR] Unable to preventDefault inside passive event listener invocation. @ http://localhost:3001/_next/static/chunks/node_modules_next_dist_compiled_react-dom_058-ah~._.js:2325
[  114820ms] [ERROR] Unable to preventDefault inside passive event listener invocation. @ http://localhost:3001/_next/static/chunks/node_modules_next_dist_compiled_react-dom_058-ah~._.js:2325
[  114828ms] [ERROR] Unable to preventDefault inside passive event listener invocation. @ http://localhost:3001/_next/static/chunks/node_modules_next_dist_compiled_react-dom_058-ah~._.js:2325
[  114837ms] [ERROR] Unable to preventDefault inside passive event listener invocation. @ http://localhost:3001/_next/static/chunks/node_modules_next_dist_compiled_react-dom_058-ah~._.js:2325
[  114845ms] [ERROR] Unable to preventDefault inside passive event listener invocation. @ http://localhost:3001/_next/static/chunks/node_modules_next_dist_compiled_react-dom_058-ah~._.js:2325
[  114853ms] [ERROR] Unable to preventDefault inside passive event listener invocation. @ http://localhost:3001/_next/static/chunks/node_modules_next_dist_compiled_react-dom_058-ah~._.js:2325
[  114862ms] [ERROR] Unable to preventDefault inside passive event listener invocation. @ http://localhost:3001/_next/static/chunks/node_modules_next_dist_compiled_react-dom_058-ah~._.js:2325
[  114870ms] [ERROR] Unable to preventDefault inside passive event listener invocation. @ http://localhost:3001/_next/static/chunks/node_modules_next_dist_compiled_react-dom_058-ah~._.js:2325
[  114878ms] [ERROR] Unable to preventDefault inside passive event listener invocation. @ http://localhost:3001/_next/static/chunks/node_modules_next_dist_compiled_react-dom_058-ah~._.js:2325
[  114887ms] [ERROR] Unable to preventDefault inside passive event listener invocation. @ http://localhost:3001/_next/static/chunks/node_modules_next_dist_compiled_react-dom_058-ah~._.js:2325
[  114895ms] [ERROR] Unable to preventDefault inside passive event listener invocation. @ http://localhost:3001/_next/static/chunks/node_modules_next_dist_compiled_react-dom_058-ah~._.js:2325
[  114903ms] [ERROR] Unable to preventDefault inside passive event listener invocation. @ http://localhost:3001/_next/static/chunks/node_modules_next_dist_compiled_react-dom_058-ah~._.js:2325
[  114912ms] [ERROR] Unable to preventDefault inside passive event listener invocation. @ http://localhost:3001/_next/static/chunks/node_modules_next_dist_compiled_react-dom_058-ah~._.js:2325
[  114920ms] [ERROR] Unable to preventDefault inside passive event listener invocation. @ http://localhost:3001/_next/static/chunks/node_modules_next_dist_compiled_react-dom_058-ah~._.js:2325
[  114928ms] [ERROR] Unable to preventDefault inside passive event listener invocation. @ http://localhost:3001/_next/static/chunks/node_modules_next_dist_compiled_react-dom_058-ah~._.js:2325
[  114937ms] [ERROR] Unable to preventDefault inside passive event listener invocation. @ http://localhost:3001/_next/static/chunks/node_modules_next_dist_compiled_react-dom_058-ah~._.js:2325
[  114945ms] [ERROR] Unable to preventDefault inside passive event listener invocation. @ http://localhost:3001/_next/static/chunks/node_modules_next_dist_compiled_react-dom_058-ah~._.js:2325
[  114953ms] [ERROR] Unable to preventDefault inside passive event listener invocation. @ http://localhost:3001/_next/static/chunks/node_modules_next_dist_compiled_react-dom_058-ah~._.js:2325
[  114962ms] [ERROR] Unable to preventDefault inside passive event listener invocation. @ http://localhost:3001/_next/static/chunks/node_modules_next_dist_compiled_react-dom_058-ah~._.js:2325
[  114970ms] [ERROR] Unable to preventDefault inside passive event listener invocation. @ http://localhost:3001/_next/static/chunks/node_modules_next_dist_compiled_react-dom_058-ah~._.js:2325
[  116271ms] [ERROR] Unable to preventDefault inside passive event listener invocation. @ http://localhost:3001/_next/static/chunks/node_modules_next_dist_compiled_react-dom_058-ah~._.js:2325
[  116287ms] [ERROR] Unable to preventDefault inside passive event listener invocation. @ http://localhost:3001/_next/static/chunks/node_modules_next_dist_compiled_react-dom_058-ah~._.js:2325
[  116298ms] [ERROR] Unable to preventDefault inside passive event listener invocation. @ http://localhost:3001/_next/static/chunks/node_modules_next_dist_compiled_react-dom_058-ah~._.js:2325
[  116312ms] [ERROR] Unable to preventDefault inside passive event listener invocation. @ http://localhost:3001/_next/static/chunks/node_modules_next_dist_compiled_react-dom_058-ah~._.js:2325
[  116320ms] [ERROR] Unable to preventDefault inside passive event listener invocation. @ http://localhost:3001/_next/static/chunks/node_modules_next_dist_compiled_react-dom_058-ah~._.js:2325
[  116329ms] [ERROR] Unable to preventDefault inside passive event listener invocation. @ http://localhost:3001/_next/static/chunks/node_modules_next_dist_compiled_react-dom_058-ah~._.js:2325
[  116338ms] [ERROR] Unable to preventDefault inside passive event listener invocation. @ http://localhost:3001/_next/static/chunks/node_modules_next_dist_compiled_react-dom_058-ah~._.js:2325
[  116348ms] [ERROR] Unable to preventDefault inside passive event listener invocation. @ http://localhost:3001/_next/static/chunks/node_modules_next_dist_compiled_react-dom_058-ah~._.js:2325
[  116354ms] [ERROR] Unable to preventDefault inside passive event listener invocation. @ http://localhost:3001/_next/static/chunks/node_modules_next_dist_compiled_react-dom_058-ah~._.js:2325
[  116366ms] [ERROR] Unable to preventDefault inside passive event listener invocation. @ http://localhost:3001/_next/static/chunks/node_modules_next_dist_compiled_react-dom_058-ah~._.js:2325
[  116373ms] [ERROR] Unable to preventDefault inside passive event listener invocation. @ http://localhost:3001/_next/static/chunks/node_modules_next_dist_compiled_react-dom_058-ah~._.js:2325
[  116381ms] [ERROR] Unable to preventDefault inside passive event listener invocation. @ http://localhost:3001/_next/static/chunks/node_modules_next_dist_compiled_react-dom_058-ah~._.js:2325
[  116387ms] [ERROR] Unable to preventDefault inside passive event listener invocation. @ http://localhost:3001/_next/static/chunks/node_modules_next_dist_compiled_react-dom_058-ah~._.js:2325
[  116399ms] [ERROR] Unable to preventDefault inside passive event listener invocation. @ http://localhost:3001/_next/static/chunks/node_modules_next_dist_compiled_react-dom_058-ah~._.js:2325
[  116412ms] [ERROR] Unable to preventDefault inside passive event listener invocation. @ http://localhost:3001/_next/static/chunks/node_modules_next_dist_compiled_react-dom_058-ah~._.js:2325
[  116421ms] [ERROR] Unable to preventDefault inside passive event listener invocation. @ http://localhost:3001/_next/static/chunks/node_modules_next_dist_compiled_react-dom_058-ah~._.js:2325
[  116431ms] [ERROR] Unable to preventDefault inside passive event listener invocation. @ http://localhost:3001/_next/static/chunks/node_modules_next_dist_compiled_react-dom_058-ah~._.js:2325
[  116437ms] [ERROR] Unable to preventDefault inside passive event listener invocation. @ http://localhost:3001/_next/static/chunks/node_modules_next_dist_compiled_react-dom_058-ah~._.js:2325
[  116445ms] [ERROR] Unable to preventDefault inside passive event listener invocation. @ http://localhost:3001/_next/static/chunks/node_modules_next_dist_compiled_react-dom_058-ah~._.js:2325
[  116453ms] [ERROR] Unable to preventDefault inside passive event listener invocation. @ http://localhost:3001/_next/static/chunks/node_modules_next_dist_compiled_react-dom_058-ah~._.js:2325
[  116462ms] [ERROR] Unable to preventDefault inside passive event listener invocation. @ http://localhost:3001/_next/static/chunks/node_modules_next_dist_compiled_react-dom_058-ah~._.js:2325
[  116470ms] [ERROR] Unable to preventDefault inside passive event listener invocation. @ http://localhost:3001/_next/static/chunks/node_modules_next_dist_compiled_react-dom_058-ah~._.js:2325
[  116478ms] [ERROR] Unable to preventDefault inside passive event listener invocation. @ http://localhost:3001/_next/static/chunks/node_modules_next_dist_compiled_react-dom_058-ah~._.js:2325
[  116487ms] [ERROR] Unable to preventDefault inside passive event listener invocation. @ http://localhost:3001/_next/static/chunks/node_modules_next_dist_compiled_react-dom_058-ah~._.js:2325
[  116496ms] [ERROR] Unable to preventDefault inside passive event listener invocation. @ http://localhost:3001/_next/static/chunks/node_modules_next_dist_compiled_react-dom_058-ah~._.js:2325
[  116503ms] [ERROR] Unable to preventDefault inside passive event listener invocation. @ http://localhost:3001/_next/static/chunks/node_modules_next_dist_compiled_react-dom_058-ah~._.js:2325
[  116512ms] [ERROR] Unable to preventDefault inside passive event listener invocation. @ http://localhost:3001/_next/static/chunks/node_modules_next_dist_compiled_react-dom_058-ah~._.js:2325
[  116520ms] [ERROR] Unable to preventDefault inside passive event listener invocation. @ http://localhost:3001/_next/static/chunks/node_modules_next_dist_compiled_react-dom_058-ah~._.js:2325
[  116528ms] [ERROR] Unable to preventDefault inside passive event listener invocation. @ http://localhost:3001/_next/static/chunks/node_modules_next_dist_compiled_react-dom_058-ah~._.js:2325
[  116537ms] [ERROR] Unable to preventDefault inside passive event listener invocation. @ http://localhost:3001/_next/static/chunks/node_modules_next_dist_compiled_react-dom_058-ah~._.js:2325
[  116545ms] [ERROR] Unable to preventDefault inside passive event listener invocation. @ http://localhost:3001/_next/static/chunks/node_modules_next_dist_compiled_react-dom_058-ah~._.js:2325
[  116553ms] [ERROR] Unable to preventDefault inside passive event listener invocation. @ http://localhost:3001/_next/static/chunks/node_modules_next_dist_compiled_react-dom_058-ah~._.js:2325
[  116562ms] [ERROR] Unable to preventDefault inside passive event listener invocation. @ http://localhost:3001/_next/static/chunks/node_modules_next_dist_compiled_react-dom_058-ah~._.js:2325
[  116570ms] [ERROR] Unable to preventDefault inside passive event listener invocation. @ http://localhost:3001/_next/static/chunks/node_modules_next_dist_compiled_react-dom_058-ah~._.js:2325
[  116578ms] [ERROR] Unable to preventDefault inside passive event listener invocation. @ http://localhost:3001/_next/static/chunks/node_modules_next_dist_compiled_react-dom_058-ah~._.js:2325
[  116587ms] [ERROR] Unable to preventDefault inside passive event listener invocation. @ http://localhost:3001/_next/static/chunks/node_modules_next_dist_compiled_react-dom_058-ah~._.js:2325
[  116595ms] [ERROR] Unable to preventDefault inside passive event listener invocation. @ http://localhost:3001/_next/static/chunks/node_modules_next_dist_compiled_react-dom_058-ah~._.js:2325
[  116603ms] [ERROR] Unable to preventDefault inside passive event listener invocation. @ http://localhost:3001/_next/static/chunks/node_modules_next_dist_compiled_react-dom_058-ah~._.js:2325
[  116612ms] [ERROR] Unable to preventDefault inside passive event listener invocation. @ http://localhost:3001/_next/static/chunks/node_modules_next_dist_compiled_react-dom_058-ah~._.js:2325
[  116620ms] [ERROR] Unable to preventDefault inside passive event listener invocation. @ http://localhost:3001/_next/static/chunks/node_modules_next_dist_compiled_react-dom_058-ah~._.js:2325
[  116628ms] [ERROR] Unable to preventDefault inside passive event listener invocation. @ http://localhost:3001/_next/static/chunks/node_modules_next_dist_compiled_react-dom_058-ah~._.js:2325
[  116637ms] [ERROR] Unable to preventDefault inside passive event listener invocation. @ http://localhost:3001/_next/static/chunks/node_modules_next_dist_compiled_react-dom_058-ah~._.js:2325
[  116645ms] [ERROR] Unable to preventDefault inside passive event listener invocation. @ http://localhost:3001/_next/static/chunks/node_modules_next_dist_compiled_react-dom_058-ah~._.js:2325
[  116653ms] [ERROR] Unable to preventDefault inside passive event listener invocation. @ http://localhost:3001/_next/static/chunks/node_modules_next_dist_compiled_react-dom_058-ah~._.js:2325
[  116662ms] [ERROR] Unable to preventDefault inside passive event listener invocation. @ http://localhost:3001/_next/static/chunks/node_modules_next_dist_compiled_react-dom_058-ah~._.js:2325
[  116670ms] [ERROR] Unable to preventDefault inside passive event listener invocation. @ http://localhost:3001/_next/static/chunks/node_modules_next_dist_compiled_react-dom_058-ah~._.js:2325
[  116678ms] [ERROR] Unable to preventDefault inside passive event listener invocation. @ http://localhost:3001/_next/static/chunks/node_modules_next_dist_compiled_react-dom_058-ah~._.js:2325
[  116687ms] [ERROR] Unable to preventDefault inside passive event listener invocation. @ http://localhost:3001/_next/static/chunks/node_modules_next_dist_compiled_react-dom_058-ah~._.js:2325
[  116696ms] [ERROR] Unable to preventDefault inside passive event listener invocation. @ http://localhost:3001/_next/static/chunks/node_modules_next_dist_compiled_react-dom_058-ah~._.js:2325
[  116767ms] [ERROR] Unable to preventDefault inside passive event listener invocation. @ http://localhost:3001/_next/static/chunks/node_modules_next_dist_compiled_react-dom_058-ah~._.js:2325
[  116779ms] [ERROR] Unable to preventDefault inside passive event listener invocation. @ http://localhost:3001/_next/static/chunks/node_modules_next_dist_compiled_react-dom_058-ah~._.js:2325
[  116788ms] [ERROR] Unable to preventDefault inside passive event listener invocation. @ http://localhost:3001/_next/static/chunks/node_modules_next_dist_compiled_react-dom_058-ah~._.js:2325
[  116797ms] [ERROR] Unable to preventDefault inside passive event listener invocation. @ http://localhost:3001/_next/static/chunks/node_modules_next_dist_compiled_react-dom_058-ah~._.js:2325
[  116803ms] [ERROR] Unable to preventDefault inside passive event listener invocation. @ http://localhost:3001/_next/static/chunks/node_modules_next_dist_compiled_react-dom_058-ah~._.js:2325
[  116812ms] [ERROR] Unable to preventDefault inside passive event listener invocation. @ http://localhost:3001/_next/static/chunks/node_modules_next_dist_compiled_react-dom_058-ah~._.js:2325
[  116820ms] [ERROR] Unable to preventDefault inside passive event listener invocation. @ http://localhost:3001/_next/static/chunks/node_modules_next_dist_compiled_react-dom_058-ah~._.js:2325
[  116828ms] [ERROR] Unable to preventDefault inside passive event listener invocation. @ http://localhost:3001/_next/static/chunks/node_modules_next_dist_compiled_react-dom_058-ah~._.js:2325
[  116837ms] [ERROR] Unable to preventDefault inside passive event listener invocation. @ http://localhost:3001/_next/static/chunks/node_modules_next_dist_compiled_react-dom_058-ah~._.js:2325
[  116845ms] [ERROR] Unable to preventDefault inside passive event listener invocation. @ http://localhost:3001/_next/static/chunks/node_modules_next_dist_compiled_react-dom_058-ah~._.js:2325
[  116853ms] [ERROR] Unable to preventDefault inside passive event listener invocation. @ http://localhost:3001/_next/static/chunks/node_modules_next_dist_compiled_react-dom_058-ah~._.js:2325
[  116862ms] [ERROR] Unable to preventDefault inside passive event listener invocation. @ http://localhost:3001/_next/static/chunks/node_modules_next_dist_compiled_react-dom_058-ah~._.js:2325
[  116870ms] [ERROR] Unable to preventDefault inside passive event listener invocation. @ http://localhost:3001/_next/static/chunks/node_modules_next_dist_compiled_react-dom_058-ah~._.js:2325
[  116878ms] [ERROR] Unable to preventDefault inside passive event listener invocation. @ http://localhost:3001/_next/static/chunks/node_modules_next_dist_compiled_react-dom_058-ah~._.js:2325
[  116887ms] [ERROR] Unable to preventDefault inside passive event listener invocation. @ http://localhost:3001/_next/static/chunks/node_modules_next_dist_compiled_react-dom_058-ah~._.js:2325
[  116895ms] [ERROR] Unable to preventDefault inside passive event listener invocation. @ http://localhost:3001/_next/static/chunks/node_modules_next_dist_compiled_react-dom_058-ah~._.js:2325
[  116903ms] [ERROR] Unable to preventDefault inside passive event listener invocation. @ http://localhost:3001/_next/static/chunks/node_modules_next_dist_compiled_react-dom_058-ah~._.js:2325
[  116912ms] [ERROR] Unable to preventDefault inside passive event listener invocation. @ http://localhost:3001/_next/static/chunks/node_modules_next_dist_compiled_react-dom_058-ah~._.js:2325
[  116920ms] [ERROR] Unable to preventDefault inside passive event listener invocation. @ http://localhost:3001/_next/static/chunks/node_modules_next_dist_compiled_react-dom_058-ah~._.js:2325
[  116928ms] [ERROR] Unable to preventDefault inside passive event listener invocation. @ http://localhost:3001/_next/static/chunks/node_modules_next_dist_compiled_react-dom_058-ah~._.js:2325
[  116937ms] [ERROR] Unable to preventDefault inside passive event listener invocation. @ http://localhost:3001/_next/static/chunks/node_modules_next_dist_compiled_react-dom_058-ah~._.js:2325
[  116945ms] [ERROR] Unable to preventDefault inside passive event listener invocation. @ http://localhost:3001/_next/static/chunks/node_modules_next_dist_compiled_react-dom_058-ah~._.js:2325
[  116953ms] [ERROR] Unable to preventDefault inside passive event listener invocation. @ http://localhost:3001/_next/static/chunks/node_modules_next_dist_compiled_react-dom_058-ah~._.js:2325
[  116962ms] [ERROR] Unable to preventDefault inside passive event listener invocation. @ http://localhost:3001/_next/static/chunks/node_modules_next_dist_compiled_react-dom_058-ah~._.js:2325
[  116970ms] [ERROR] Unable to preventDefault inside passive event listener invocation. @ http://localhost:3001/_next/static/chunks/node_modules_next_dist_compiled_react-dom_058-ah~._.js:2325
[  116978ms] [ERROR] Unable to preventDefault inside passive event listener invocation. @ http://localhost:3001/_next/static/chunks/node_modules_next_dist_compiled_react-dom_058-ah~._.js:2325
[  116987ms] [ERROR] Unable to preventDefault inside passive event listener invocation. @ http://localhost:3001/_next/static/chunks/node_modules_next_dist_compiled_react-dom_058-ah~._.js:2325
[  116995ms] [ERROR] Unable to preventDefault inside passive event listener invocation. @ http://localhost:3001/_next/static/chunks/node_modules_next_dist_compiled_react-dom_058-ah~._.js:2325
[  116995ms] [ERROR] Unable to preventDefault inside passive event listener invocation. @ http://localhost:3001/_next/static/chunks/node_modules_next_dist_compiled_react-dom_058-ah~._.js:2325
[  117003ms] [ERROR] Unable to preventDefault inside passive event listener invocation. @ http://localhost:3001/_next/static/chunks/node_modules_next_dist_compiled_react-dom_058-ah~._.js:2325
[  117012ms] [ERROR] Unable to preventDefault inside passive event listener invocation. @ http://localhost:3001/_next/static/chunks/node_modules_next_dist_compiled_react-dom_058-ah~._.js:2325
[  117020ms] [ERROR] Unable to preventDefault inside passive event listener invocation. @ http://localhost:3001/_next/static/chunks/node_modules_next_dist_compiled_react-dom_058-ah~._.js:2325
[  117028ms] [ERROR] Unable to preventDefault inside passive event listener invocation. @ http://localhost:3001/_next/static/chunks/node_modules_next_dist_compiled_react-dom_058-ah~._.js:2325
[  117037ms] [ERROR] Unable to preventDefault inside passive event listener invocation. @ http://localhost:3001/_next/static/chunks/node_modules_next_dist_compiled_react-dom_058-ah~._.js:2325
[  117045ms] [ERROR] Unable to preventDefault inside passive event listener invocation. @ http://localhost:3001/_next/static/chunks/node_modules_next_dist_compiled_react-dom_058-ah~._.js:2325
[  117053ms] [ERROR] Unable to preventDefault inside passive event listener invocation. @ http://localhost:3001/_next/static/chunks/node_modules_next_dist_compiled_react-dom_058-ah~._.js:2325
[  117062ms] [ERROR] Unable to preventDefault inside passive event listener invocation. @ http://localhost:3001/_next/static/chunks/node_modules_next_dist_compiled_react-dom_058-ah~._.js:2325
[  117070ms] [ERROR] Unable to preventDefault inside passive event listener invocation. @ http://localhost:3001/_next/static/chunks/node_modules_next_dist_compiled_react-dom_058-ah~._.js:2325
[  117078ms] [ERROR] Unable to preventDefault inside passive event listener invocation. @ http://localhost:3001/_next/static/chunks/node_modules_next_dist_compiled_react-dom_058-ah~._.js:2325
[  117087ms] [ERROR] Unable to preventDefault inside passive event listener invocation. @ http://localhost:3001/_next/static/chunks/node_modules_next_dist_compiled_react-dom_058-ah~._.js:2325
[  117095ms] [ERROR] Unable to preventDefault inside passive event listener invocation. @ http://localhost:3001/_next/static/chunks/node_modules_next_dist_compiled_react-dom_058-ah~._.js:2325
[  117103ms] [ERROR] Unable to preventDefault inside passive event listener invocation. @ http://localhost:3001/_next/static/chunks/node_modules_next_dist_compiled_react-dom_058-ah~._.js:2325
[  117112ms] [ERROR] Unable to preventDefault inside passive event listener invocation. @ http://localhost:3001/_next/static/chunks/node_modules_next_dist_compiled_react-dom_058-ah~._.js:2325
[  117120ms] [ERROR] Unable to preventDefault inside passive event listener invocation. @ http://localhost:3001/_next/static/chunks/node_modules_next_dist_compiled_react-dom_058-ah~._.js:2325
[  117128ms] [ERROR] Unable to preventDefault inside passive event listener invocation. @ http://localhost:3001/_next/static/chunks/node_modules_next_dist_compiled_react-dom_058-ah~._.js:2325
[  117137ms] [ERROR] Unable to preventDefault inside passive event listener invocation. @ http://localhost:3001/_next/static/chunks/node_modules_next_dist_compiled_react-dom_058-ah~._.js:2325
[  117145ms] [ERROR] Unable to preventDefault inside passive event listener invocation. @ http://localhost:3001/_next/static/chunks/node_modules_next_dist_compiled_react-dom_058-ah~._.js:2325
[  117153ms] [ERROR] Unable to preventDefault inside passive event listener invocation. @ http://localhost:3001/_next/static/chunks/node_modules_next_dist_compiled_react-dom_058-ah~._.js:2325
[  117162ms] [ERROR] Unable to preventDefault inside passive event listener invocation. @ http://localhost:3001/_next/static/chunks/node_modules_next_dist_compiled_react-dom_058-ah~._.js:2325
[  117170ms] [ERROR] Unable to preventDefault inside passive event listener invocation. @ http://localhost:3001/_next/static/chunks/node_modules_next_dist_compiled_react-dom_058-ah~._.js:2325
[  117178ms] [ERROR] Unable to preventDefault inside passive event listener invocation. @ http://localhost:3001/_next/static/chunks/node_modules_next_dist_compiled_react-dom_058-ah~._.js:2325
[  117187ms] [ERROR] Unable to preventDefault inside passive event listener invocation. @ http://localhost:3001/_next/static/chunks/node_modules_next_dist_compiled_react-dom_058-ah~._.js:2325
[  117195ms] [ERROR] Unable to preventDefault inside passive event listener invocation. @ http://localhost:3001/_next/static/chunks/node_modules_next_dist_compiled_react-dom_058-ah~._.js:2325
[  117203ms] [ERROR] Unable to preventDefault inside passive event listener invocation. @ http://localhost:3001/_next/static/chunks/node_modules_next_dist_compiled_react-dom_058-ah~._.js:2325
[  117212ms] [ERROR] Unable to preventDefault inside passive event listener invocation. @ http://localhost:3001/_next/static/chunks/node_modules_next_dist_compiled_react-dom_058-ah~._.js:2325
[  117220ms] [ERROR] Unable to preventDefault inside passive event listener invocation. @ http://localhost:3001/_next/static/chunks/node_modules_next_dist_compiled_react-dom_058-ah~._.js:2325
[  117228ms] [ERROR] Unable to preventDefault inside passive event listener invocation. @ http://localhost:3001/_next/static/chunks/node_modules_next_dist_compiled_react-dom_058-ah~._.js:2325
[  117237ms] [ERROR] Unable to preventDefault inside passive event listener invocation. @ http://localhost:3001/_next/static/chunks/node_modules_next_dist_compiled_react-dom_058-ah~._.js:2325
[  117245ms] [ERROR] Unable to preventDefault inside passive event listener invocation. @ http://localhost:3001/_next/static/chunks/node_modules_next_dist_compiled_react-dom_058-ah~._.js:2325
[  117818ms] [ERROR] Unable to preventDefault inside passive event listener invocation. @ http://localhost:3001/_next/static/chunks/node_modules_next_dist_compiled_react-dom_058-ah~._.js:2325
[  117833ms] [ERROR] Unable to preventDefault inside passive event listener invocation. @ http://localhost:3001/_next/static/chunks/node_modules_next_dist_compiled_react-dom_058-ah~._.js:2325
[  117845ms] [ERROR] Unable to preventDefault inside passive event listener invocation. @ http://localhost:3001/_next/static/chunks/node_modules_next_dist_compiled_react-dom_058-ah~._.js:2325
[  117856ms] [ERROR] Unable to preventDefault inside passive event listener invocation. @ http://localhost:3001/_next/static/chunks/node_modules_next_dist_compiled_react-dom_058-ah~._.js:2325
[  117864ms] [ERROR] Unable to preventDefault inside passive event listener invocation. @ http://localhost:3001/_next/static/chunks/node_modules_next_dist_compiled_react-dom_058-ah~._.js:2325
[  117872ms] [ERROR] Unable to preventDefault inside passive event listener invocation. @ http://localhost:3001/_next/static/chunks/node_modules_next_dist_compiled_react-dom_058-ah~._.js:2325
[  117881ms] [ERROR] Unable to preventDefault inside passive event listener invocation. @ http://localhost:3001/_next/static/chunks/node_modules_next_dist_compiled_react-dom_058-ah~._.js:2325
[  117962ms] [LOG] [Fast Refresh] rebuilding @ http://localhost:3001/_next/static/chunks/node_modules_next_dist_115brz8._.js:2431
[  117991ms] [LOG] [Fast Refresh] done in 45ms @ http://localhost:3001/_next/static/chunks/node_modules_next_dist_115brz8._.js:2431
[  118512ms] [ERROR] Unable to preventDefault inside passive event listener invocation. @ http://localhost:3001/_next/static/chunks/node_modules_next_dist_compiled_react-dom_058-ah~._.js:2325
[  118529ms] [ERROR] Unable to preventDefault inside passive event listener invocation. @ http://localhost:3001/_next/static/chunks/node_modules_next_dist_compiled_react-dom_058-ah~._.js:2325
[  118546ms] [ERROR] Unable to preventDefault inside passive event listener invocation. @ http://localhost:3001/_next/static/chunks/node_modules_next_dist_compiled_react-dom_058-ah~._.js:2325
[  118561ms] [ERROR] Unable to preventDefault inside passive event listener invocation. @ http://localhost:3001/_next/static/chunks/node_modules_next_dist_compiled_react-dom_058-ah~._.js:2325
[  118578ms] [ERROR] Unable to preventDefault inside passive event listener invocation. @ http://localhost:3001/_next/static/chunks/node_modules_next_dist_compiled_react-dom_058-ah~._.js:2325
[  118596ms] [ERROR] Unable to preventDefault inside passive event listener invocation. @ http://localhost:3001/_next/static/chunks/node_modules_next_dist_compiled_react-dom_058-ah~._.js:2325
[  118611ms] [ERROR] Unable to preventDefault inside passive event listener invocation. @ http://localhost:3001/_next/static/chunks/node_modules_next_dist_compiled_react-dom_058-ah~._.js:2325
[  118625ms] [ERROR] Unable to preventDefault inside passive event listener invocation. @ http://localhost:3001/_next/static/chunks/node_modules_next_dist_compiled_react-dom_058-ah~._.js:2325
[  118637ms] [ERROR] Unable to preventDefault inside passive event listener invocation. @ http://localhost:3001/_next/static/chunks/node_modules_next_dist_compiled_react-dom_058-ah~._.js:2325
[  118645ms] [ERROR] Unable to preventDefault inside passive event listener invocation. @ http://localhost:3001/_next/static/chunks/node_modules_next_dist_compiled_react-dom_058-ah~._.js:2325
[  118654ms] [ERROR] Unable to preventDefault inside passive event listener invocation. @ http://localhost:3001/_next/static/chunks/node_modules_next_dist_compiled_react-dom_058-ah~._.js:2325
[  118662ms] [ERROR] Unable to preventDefault inside passive event listener invocation. @ http://localhost:3001/_next/static/chunks/node_modules_next_dist_compiled_react-dom_058-ah~._.js:2325
[  118674ms] [ERROR] Unable to preventDefault inside passive event listener invocation. @ http://localhost:3001/_next/static/chunks/node_modules_next_dist_compiled_react-dom_058-ah~._.js:2325
[  118686ms] [ERROR] Unable to preventDefault inside passive event listener invocation. @ http://localhost:3001/_next/static/chunks/node_modules_next_dist_compiled_react-dom_058-ah~._.js:2325
[  118695ms] [ERROR] Unable to preventDefault inside passive event listener invocation. @ http://localhost:3001/_next/static/chunks/node_modules_next_dist_compiled_react-dom_058-ah~._.js:2325
[  118704ms] [ERROR] Unable to preventDefault inside passive event listener invocation. @ http://localhost:3001/_next/static/chunks/node_modules_next_dist_compiled_react-dom_058-ah~._.js:2325
[  118712ms] [ERROR] Unable to preventDefault inside passive event listener invocation. @ http://localhost:3001/_next/static/chunks/node_modules_next_dist_compiled_react-dom_058-ah~._.js:2325
[  118720ms] [ERROR] Unable to preventDefault inside passive event listener invocation. @ http://localhost:3001/_next/static/chunks/node_modules_next_dist_compiled_react-dom_058-ah~._.js:2325
[  118729ms] [ERROR] Unable to preventDefault inside passive event listener invocation. @ http://localhost:3001/_next/static/chunks/node_modules_next_dist_compiled_react-dom_058-ah~._.js:2325
[  118737ms] [ERROR] Unable to preventDefault inside passive event listener invocation. @ http://localhost:3001/_next/static/chunks/node_modules_next_dist_compiled_react-dom_058-ah~._.js:2325
[  118745ms] [ERROR] Unable to preventDefault inside passive event listener invocation. @ http://localhost:3001/_next/static/chunks/node_modules_next_dist_compiled_react-dom_058-ah~._.js:2325
[  118754ms] [ERROR] Unable to preventDefault inside passive event listener invocation. @ http://localhost:3001/_next/static/chunks/node_modules_next_dist_compiled_react-dom_058-ah~._.js:2325
[  118762ms] [ERROR] Unable to preventDefault inside passive event listener invocation. @ http://localhost:3001/_next/static/chunks/node_modules_next_dist_compiled_react-dom_058-ah~._.js:2325
[  118770ms] [ERROR] Unable to preventDefault inside passive event listener invocation. @ http://localhost:3001/_next/static/chunks/node_modules_next_dist_compiled_react-dom_058-ah~._.js:2325
[  118779ms] [ERROR] Unable to preventDefault inside passive event listener invocation. @ http://localhost:3001/_next/static/chunks/node_modules_next_dist_compiled_react-dom_058-ah~._.js:2325
[  118787ms] [ERROR] Unable to preventDefault inside passive event listener invocation. @ http://localhost:3001/_next/static/chunks/node_modules_next_dist_compiled_react-dom_058-ah~._.js:2325
[  118796ms] [ERROR] Unable to preventDefault inside passive event listener invocation. @ http://localhost:3001/_next/static/chunks/node_modules_next_dist_compiled_react-dom_058-ah~._.js:2325
[  119054ms] [ERROR] Unable to preventDefault inside passive event listener invocation. @ http://localhost:3001/_next/static/chunks/node_modules_next_dist_compiled_react-dom_058-ah~._.js:2325
[  119062ms] [ERROR] Unable to preventDefault inside passive event listener invocation. @ http://localhost:3001/_next/static/chunks/node_modules_next_dist_compiled_react-dom_058-ah~._.js:2325
[  119070ms] [ERROR] Unable to preventDefault inside passive event listener invocation. @ http://localhost:3001/_next/static/chunks/node_modules_next_dist_compiled_react-dom_058-ah~._.js:2325
[  119078ms] [ERROR] Unable to preventDefault inside passive event listener invocation. @ http://localhost:3001/_next/static/chunks/node_modules_next_dist_compiled_react-dom_058-ah~._.js:2325
[  119087ms] [ERROR] Unable to preventDefault inside passive event listener invocation. @ http://localhost:3001/_next/static/chunks/node_modules_next_dist_compiled_react-dom_058-ah~._.js:2325
[  119095ms] [ERROR] Unable to preventDefault inside passive event listener invocation. @ http://localhost:3001/_next/static/chunks/node_modules_next_dist_compiled_react-dom_058-ah~._.js:2325
[  119103ms] [ERROR] Unable to preventDefault inside passive event listener invocation. @ http://localhost:3001/_next/static/chunks/node_modules_next_dist_compiled_react-dom_058-ah~._.js:2325
[  119112ms] [ERROR] Unable to preventDefault inside passive event listener invocation. @ http://localhost:3001/_next/static/chunks/node_modules_next_dist_compiled_react-dom_058-ah~._.js:2325
[  119120ms] [ERROR] Unable to preventDefault inside passive event listener invocation. @ http://localhost:3001/_next/static/chunks/node_modules_next_dist_compiled_react-dom_058-ah~._.js:2325
[  119129ms] [ERROR] Unable to preventDefault inside passive event listener invocation. @ http://localhost:3001/_next/static/chunks/node_modules_next_dist_compiled_react-dom_058-ah~._.js:2325
[  119137ms] [ERROR] Unable to preventDefault inside passive event listener invocation. @ http://localhost:3001/_next/static/chunks/node_modules_next_dist_compiled_react-dom_058-ah~._.js:2325
[  119146ms] [ERROR] Unable to preventDefault inside passive event listener invocation. @ http://localhost:3001/_next/static/chunks/node_modules_next_dist_compiled_react-dom_058-ah~._.js:2325
[  119154ms] [ERROR] Unable to preventDefault inside passive event listener invocation. @ http://localhost:3001/_next/static/chunks/node_modules_next_dist_compiled_react-dom_058-ah~._.js:2325
[  119162ms] [ERROR] Unable to preventDefault inside passive event listener invocation. @ http://localhost:3001/_next/static/chunks/node_modules_next_dist_compiled_react-dom_058-ah~._.js:2325
[  119170ms] [ERROR] Unable to preventDefault inside passive event listener invocation. @ http://localhost:3001/_next/static/chunks/node_modules_next_dist_compiled_react-dom_058-ah~._.js:2325
[  119178ms] [ERROR] Unable to preventDefault inside passive event listener invocation. @ http://localhost:3001/_next/static/chunks/node_modules_next_dist_compiled_react-dom_058-ah~._.js:2325
[  119187ms] [ERROR] Unable to preventDefault inside passive event listener invocation. @ http://localhost:3001/_next/static/chunks/node_modules_next_dist_compiled_react-dom_058-ah~._.js:2325
[  119195ms] [ERROR] Unable to preventDefault inside passive event listener invocation. @ http://localhost:3001/_next/static/chunks/node_modules_next_dist_compiled_react-dom_058-ah~._.js:2325
[  119204ms] [ERROR] Unable to preventDefault inside passive event listener invocation. @ http://localhost:3001/_next/static/chunks/node_modules_next_dist_compiled_react-dom_058-ah~._.js:2325
[  119212ms] [ERROR] Unable to preventDefault inside passive event listener invocation. @ http://localhost:3001/_next/static/chunks/node_modules_next_dist_compiled_react-dom_058-ah~._.js:2325
[  119220ms] [ERROR] Unable to preventDefault inside passive event listener invocation. @ http://localhost:3001/_next/static/chunks/node_modules_next_dist_compiled_react-dom_058-ah~._.js:2325
[  119229ms] [ERROR] Unable to preventDefault inside passive event listener invocation. @ http://localhost:3001/_next/static/chunks/node_modules_next_dist_compiled_react-dom_058-ah~._.js:2325
[  119237ms] [ERROR] Unable to preventDefault inside passive event listener invocation. @ http://localhost:3001/_next/static/chunks/node_modules_next_dist_compiled_react-dom_058-ah~._.js:2325
[  119246ms] [ERROR] Unable to preventDefault inside passive event listener invocation. @ http://localhost:3001/_next/static/chunks/node_modules_next_dist_compiled_react-dom_058-ah~._.js:2325
[  129206ms] [INFO] %cDownload the React DevTools for a better development experience: https://react.dev/link/react-devtools font-weight:bold @ http://localhost:3001/_next/static/chunks/node_modules_next_dist_115brz8._.js:2431
[  129217ms] [LOG] [HMR] connected @ http://localhost:3001/_next/static/chunks/node_modules_next_dist_115brz8._.js:2431
[  133634ms] [INFO] %cDownload the React DevTools for a better development experience: https://react.dev/link/react-devtools font-weight:bold @ http://localhost:3001/_next/static/chunks/node_modules_next_dist_115brz8._.js:2431
[  133646ms] [LOG] [HMR] connected @ http://localhost:3001/_next/static/chunks/node_modules_next_dist_115brz8._.js:2431
[  133987ms] [LOG] [Fast Refresh] rebuilding @ http://localhost:3001/_next/static/chunks/node_modules_next_dist_115brz8._.js:2431
[  134010ms] [LOG] [Fast Refresh] done in 26ms @ http://localhost:3001/_next/static/chunks/node_modules_next_dist_115brz8._.js:2431
[  143826ms] [LOG] [Fast Refresh] rebuilding @ http://localhost:3001/_next/static/chunks/node_modules_next_dist_115brz8._.js:2431
[  143851ms] [LOG] [Fast Refresh] done in 25ms @ http://localhost:3001/_next/static/chunks/node_modules_next_dist_115brz8._.js:2431
[  150003ms] [LOG] [Fast Refresh] rebuilding @ http://localhost:3001/_next/static/chunks/node_modules_next_dist_115brz8._.js:2431
[  150052ms] [LOG] [Fast Refresh] done in 151ms @ http://localhost:3001/_next/static/chunks/node_modules_next_dist_115brz8._.js:2431
[  151266ms] [LOG] [Fast Refresh] rebuilding @ http://localhost:3001/_next/static/chunks/node_modules_next_dist_115brz8._.js:2431
[  151286ms] [LOG] [Fast Refresh] done in 123ms @ http://localhost:3001/_next/static/chunks/node_modules_next_dist_115brz8._.js:2431
[  152015ms] [LOG] [Fast Refresh] rebuilding @ http://localhost:3001/_next/static/chunks/node_modules_next_dist_115brz8._.js:2431
[  152064ms] [LOG] [Fast Refresh] done in 41ms @ http://localhost:3001/_next/static/chunks/node_modules_next_dist_115brz8._.js:2431
[  164094ms] [LOG] [Fast Refresh] rebuilding @ http://localhost:3001/_next/static/chunks/node_modules_next_dist_115brz8._.js:2431
[  164114ms] [LOG] [Fast Refresh] done in 54ms @ http://localhost:3001/_next/static/chunks/node_modules_next_dist_115brz8._.js:2431
